app/build/intermediates/manifest_merge_blame_file/debug/manifest-merger-blame-debug-report.txt
1<?xml version="1.0" encoding="utf-8"?>
2<manifest xmlns:android="http://schemas.android.com/apk/res/android"
3    package="com.example.storyapp"
4    android:versionCode="1"
5    android:versionName="1.0" >
6
7    <uses-sdk
8        android:minSdkVersion="21"
8-->src\main\AndroidManifest.xml
9        android:targetSdkVersion="32" />
9-->src\main\AndroidManifest.xml
10
11    <uses-permission android:name="android.permission.INTERNET" />
11-->src\main\AndroidManifest.xml:5:5-67
11-->src\main\AndroidManifest.xml:5:22-64
12    <uses-permission android:name="android.permission.ACCESS_FINE_LOCATION" />
12-->src\main\AndroidManifest.xml:6:5-79
12-->src\main\AndroidManifest.xml:6:22-76
13    <uses-permission android:name="android.permission.ACCESS_COARSE_LOCATION" />
13-->src\main\AndroidManifest.xml:7:5-80
13-->src\main\AndroidManifest.xml:7:22-78
14    <uses-permission android:name="android.permission.CAMERA" />
14-->src\main\AndroidManifest.xml:9:5-65
14-->src\main\AndroidManifest.xml:9:22-62
15    <uses-permission android:name="android.permission.READ_EXTERNAL_STORAGE" />
15-->src\main\AndroidManifest.xml:10:5-80
15-->src\main\AndroidManifest.xml:10:22-77
16    <uses-permission
16-->src\main\AndroidManifest.xml:11:5-13:38
17        android:name="android.permission.WRITE_EXTERNAL_STORAGE"
17-->src\main\AndroidManifest.xml:12:9-65
18        android:maxSdkVersion="18" />
18-->src\main\AndroidManifest.xml:13:9-35
19
20    <uses-feature android:name="android.hardware.camera" />
20-->src\main\AndroidManifest.xml:15:5-60
20-->src\main\AndroidManifest.xml:15:19-57
21
22    <queries>
22-->src\main\AndroidManifest.xml:17:5-25:15
23        <intent>
23-->src\main\AndroidManifest.xml:18:9-24:18
24            <action android:name="android.intent.action.VIEW" />
24-->src\main\AndroidManifest.xml:19:13-65
24-->src\main\AndroidManifest.xml:19:21-62
25
26            <category android:name="android.intent.category.BROWSABLE" />
26-->src\main\AndroidManifest.xml:21:13-74
26-->src\main\AndroidManifest.xml:21:23-71
27
28            <data android:scheme="https" />
28-->src\main\AndroidManifest.xml:23:13-44
28-->src\main\AndroidManifest.xml:23:19-41
29        </intent>
30        <!-- Needs to be explicitly declared on Android R+ -->
31        <package android:name="com.google.android.apps.maps" />
31-->[com.google.android.gms:play-services-maps:18.0.2] AndroidManifest.xml:33:9-64
31-->[com.google.android.gms:play-services-maps:18.0.2] AndroidManifest.xml:33:18-61
32    </queries>
33
34    <!-- Include required permissions for Google Maps API to run. -->
35    <uses-permission android:name="android.permission.ACCESS_NETWORK_STATE" />
35-->[com.google.android.gms:play-services-maps:18.0.2] AndroidManifest.xml:23:5-79
35-->[com.google.android.gms:play-services-maps:18.0.2] AndroidManifest.xml:23:22-76
36
37    <uses-feature
37-->[com.google.android.gms:play-services-maps:18.0.2] AndroidManifest.xml:26:5-28:35
38        android:glEsVersion="0x00020000"
38-->[com.google.android.gms:play-services-maps:18.0.2] AndroidManifest.xml:27:9-41
39        android:required="true" />
39-->[com.google.android.gms:play-services-maps:18.0.2] AndroidManifest.xml:28:9-32
40
41    <application
41-->src\main\AndroidManifest.xml:27:5-76:19
42        android:name="com.example.storyapp.model.di.Application"
42-->src\main\AndroidManifest.xml:28:9-45
43        android:allowBackup="true"
43-->src\main\AndroidManifest.xml:29:9-35
44        android:appComponentFactory="androidx.core.app.CoreComponentFactory"
44-->[androidx.core:core:1.7.0] AndroidManifest.xml:24:18-86
45        android:debuggable="true"
46        android:icon="@mipmap/ic_launcher"
46-->src\main\AndroidManifest.xml:30:9-43
47        android:label="@string/app_name"
47-->src\main\AndroidManifest.xml:31:9-41
48        android:roundIcon="@mipmap/ic_launcher_round"
48-->src\main\AndroidManifest.xml:32:9-54
49        android:supportsRtl="true"
49-->src\main\AndroidManifest.xml:33:9-35
50        android:testOnly="true"
51        android:theme="@style/Theme.StoryApp"
51-->src\main\AndroidManifest.xml:35:9-46
52        android:usesCleartextTraffic="true" >
52-->src\main\AndroidManifest.xml:34:9-44
53        <meta-data
53-->src\main\AndroidManifest.xml:37:9-39:71
54            android:name="com.google.android.geo.API_KEY"
54-->src\main\AndroidManifest.xml:38:13-58
55            android:value="AIzaSyBV5YWtmx9DDQbt9qB-6E7uadW5XwWAkaM" />
55-->src\main\AndroidManifest.xml:39:13-68
56
57        <activity
57-->src\main\AndroidManifest.xml:41:9-44:59
58            android:name="com.example.storyapp.view.ui.MapsActivity"
58-->src\main\AndroidManifest.xml:42:13-49
59            android:exported="false"
59-->src\main\AndroidManifest.xml:43:13-37
60            android:label="@string/title_activity_maps" />
60-->src\main\AndroidManifest.xml:44:13-56
61        <activity
61-->src\main\AndroidManifest.xml:45:9-47:40
62            android:name="com.example.storyapp.view.ui.AddStoryActivity"
62-->src\main\AndroidManifest.xml:46:13-53
63            android:exported="false" />
63-->src\main\AndroidManifest.xml:47:13-37
64        <activity
64-->src\main\AndroidManifest.xml:48:9-50:40
65            android:name="com.example.storyapp.view.ui.DetailActivity"
65-->src\main\AndroidManifest.xml:49:13-51
66            android:exported="false" />
66-->src\main\AndroidManifest.xml:50:13-37
67        <activity
67-->src\main\AndroidManifest.xml:51:9-53:40
68            android:name="com.example.storyapp.view.ui.RegisterActivity"
68-->src\main\AndroidManifest.xml:52:13-53
69            android:exported="false" />
69-->src\main\AndroidManifest.xml:53:13-37
70        <activity
70-->src\main\AndroidManifest.xml:54:9-62:20
71            android:name="com.example.storyapp.view.ui.LoginActivity"
71-->src\main\AndroidManifest.xml:55:13-50
72            android:exported="true" >
72-->src\main\AndroidManifest.xml:56:13-36
73            <intent-filter>
73-->src\main\AndroidManifest.xml:57:13-61:29
74                <action android:name="android.intent.action.MAIN" />
74-->src\main\AndroidManifest.xml:58:17-69
74-->src\main\AndroidManifest.xml:58:25-66
75
76                <category android:name="android.intent.category.LAUNCHER" />
76-->src\main\AndroidManifest.xml:60:17-77
76-->src\main\AndroidManifest.xml:60:27-74
77            </intent-filter>
78        </activity>
79        <activity
79-->src\main\AndroidManifest.xml:63:9-65:40
80            android:name="com.example.storyapp.view.ui.MainActivity"
80-->src\main\AndroidManifest.xml:64:13-49
81            android:exported="false" />
81-->src\main\AndroidManifest.xml:65:13-37
82
83        <provider
83-->src\main\AndroidManifest.xml:67:9-75:20
84            android:name="androidx.core.content.FileProvider"
84-->src\main\AndroidManifest.xml:68:13-62
85            android:authorities="com.example.storyapp"
85-->src\main\AndroidManifest.xml:69:13-55
86            android:exported="false"
86-->src\main\AndroidManifest.xml:70:13-37
87            android:grantUriPermissions="true" >
87-->src\main\AndroidManifest.xml:71:13-47
88            <meta-data
88-->src\main\AndroidManifest.xml:72:13-74:53
89                android:name="android.support.FILE_PROVIDER_PATHS"
89-->src\main\AndroidManifest.xml:73:17-67
90                android:resource="@xml/file_path" />
90-->src\main\AndroidManifest.xml:74:17-50
91        </provider>
92        <!-- Needs to be explicitly declared on P+ -->
93        <uses-library
93-->[com.google.android.gms:play-services-maps:18.0.2] AndroidManifest.xml:39:9-41:40
94            android:name="org.apache.http.legacy"
94-->[com.google.android.gms:play-services-maps:18.0.2] AndroidManifest.xml:40:13-50
95            android:required="false" />
95-->[com.google.android.gms:play-services-maps:18.0.2] AndroidManifest.xml:41:13-37
96
97        <activity
97-->[com.google.android.gms:play-services-base:18.0.1] AndroidManifest.xml:20:9-22:45
98            android:name="com.google.android.gms.common.api.GoogleApiActivity"
98-->[com.google.android.gms:play-services-base:18.0.1] AndroidManifest.xml:20:19-85
99            android:exported="false"
99-->[com.google.android.gms:play-services-base:18.0.1] AndroidManifest.xml:22:19-43
100            android:theme="@android:style/Theme.Translucent.NoTitleBar" />
100-->[com.google.android.gms:play-services-base:18.0.1] AndroidManifest.xml:21:19-78
101
102        <meta-data
102-->[com.google.android.gms:play-services-basement:18.0.0] AndroidManifest.xml:21:9-23:69
103            android:name="com.google.android.gms.version"
103-->[com.google.android.gms:play-services-basement:18.0.0] AndroidManifest.xml:22:13-58
104            android:value="@integer/google_play_services_version" />
104-->[com.google.android.gms:play-services-basement:18.0.0] AndroidManifest.xml:23:13-66
105
106        <provider
106-->[androidx.emoji2:emoji2:1.0.0] AndroidManifest.xml:26:9-34:20
107            android:name="androidx.startup.InitializationProvider"
107-->[androidx.emoji2:emoji2:1.0.0] AndroidManifest.xml:27:13-67
108            android:authorities="com.example.storyapp.androidx-startup"
108-->[androidx.emoji2:emoji2:1.0.0] AndroidManifest.xml:28:13-68
109            android:exported="false" >
109-->[androidx.emoji2:emoji2:1.0.0] AndroidManifest.xml:29:13-37
110            <meta-data
110-->[androidx.emoji2:emoji2:1.0.0] AndroidManifest.xml:31:13-33:52
111                android:name="androidx.emoji2.text.EmojiCompatInitializer"
111-->[androidx.emoji2:emoji2:1.0.0] AndroidManifest.xml:32:17-75
112                android:value="androidx.startup" />
112-->[androidx.emoji2:emoji2:1.0.0] AndroidManifest.xml:33:17-49
113            <meta-data
113-->[androidx.lifecycle:lifecycle-process:2.4.0] AndroidManifest.xml:31:13-33:52
114                android:name="androidx.lifecycle.ProcessLifecycleInitializer"
114-->[androidx.lifecycle:lifecycle-process:2.4.0] AndroidManifest.xml:32:17-78
115                android:value="androidx.startup" />
115-->[androidx.lifecycle:lifecycle-process:2.4.0] AndroidManifest.xml:33:17-49
116        </provider>
117    </application>
118
119</manifest>